<?xml version="1.0" encoding="UTF-8"?>
<!-- Generated by org.testng.reporters.JUnitXMLReporter -->
<testsuite ignored="0" hostname="Mahadys-MBP.lan" failures="0" tests="3" name="Default test" time="17.07" errors="0" timestamp="2024-08-02T23:15:02 EDT">
  <testcase classname="com.SwagLabs.TestCases.LoginPageTest" name="VerifyApplicationUrl" time="0.304"/>
  <testcase classname="com.SwagLabs.TestCases.LoginPageTest" name="VerifyApplicationTitle" time="0.259"/>
  <testcase classname="com.SwagLabs.TestCases.LoginPageTest" name="VerifyApplicationLogin" time="0.987"/>
</testsuite> <!-- Default test -->
